<?xml version="1.0" encoding="UTF-8"?>
<testng-results ignored="0" total="1" passed="1" failed="0" skipped="0">
  <reporter-output>
  </reporter-output>
  <suite started-at="2019-06-12T18:20:30Z" name="Default suite" finished-at="2019-06-12T18:20:49Z" duration-ms="18162">
    <groups>
    </groups>
    <test started-at="2019-06-12T18:20:30Z" name="Default test" finished-at="2019-06-12T18:20:49Z" duration-ms="18162">
      <class name="flexon.com.TestClasses.TestCases">
        <test-method is-config="true" signature="intialzeThis()[pri:0, instance:flexon.com.TestClasses.TestCases@63475ace]" started-at="2019-06-12T18:20:30Z" name="intialzeThis" finished-at="2019-06-12T18:20:44Z" duration-ms="13409" status="PASS">
          <reporter-output>
          </reporter-output>
        </test-method> <!-- intialzeThis -->
        <test-method signature="enterUnamepass(java.lang.String, java.lang.String)[pri:1, instance:flexon.com.TestClasses.TestCases@63475ace]" started-at="2019-06-12T18:20:44Z" name="enterUnamepass" data-provider="newdata" finished-at="2019-06-12T18:20:48Z" duration-ms="3992" status="PASS">
          <params>
            <param index="0">
              <value>
                <![CDATA[Kunal@gmail.com]]>
              </value>
            </param>
            <param index="1">
              <value>
                <![CDATA[Kunal]]>
              </value>
            </param>
          </params>
          <reporter-output>
          </reporter-output>
        </test-method> <!-- enterUnamepass -->
        <test-method is-config="true" signature="closeThis()[pri:0, instance:flexon.com.TestClasses.TestCases@63475ace]" started-at="2019-06-12T18:20:48Z" name="closeThis" finished-at="2019-06-12T18:20:49Z" duration-ms="715" status="PASS">
          <reporter-output>
          </reporter-output>
        </test-method> <!-- closeThis -->
      </class> <!-- flexon.com.TestClasses.TestCases -->
    </test> <!-- Default test -->
  </suite> <!-- Default suite -->
</testng-results>
